<?xml version="1.0" encoding="UTF-8"?>
<robot generator="Robot 5.0.1 (Python 3.10.7 on win32)" generated="20230603 22:41:11.963" rpa="false" schemaversion="3">
<suite id="s1" name="Youtub" source="C:\Users\GEORGE\Desktop\RObot-Framework\You tub\youtub.robot">
<test id="s1-t1" name="Cenario 1: Realizar pesquisar no campo" line="30">
<kw name="Dado que eu acesso o site do you tub">
<kw name="Open Browser" library="SeleniumLibrary">
<arg>${URL}</arg>
<arg>${BROWSER}</arg>
<doc>Opens a new browser instance to the optional ``url``.</doc>
<msg timestamp="20230603 22:41:12.640" level="INFO">Opening browser 'Chrome' to base url 'https://www.youtube.com/'.</msg>
<status status="PASS" starttime="20230603 22:41:12.640" endtime="20230603 22:41:32.885"/>
</kw>
<status status="PASS" starttime="20230603 22:41:12.638" endtime="20230603 22:41:32.886"/>
</kw>
<kw name="Qaundo digito algo no campo de busca">
<kw name="Input Text" library="SeleniumLibrary">
<arg>${Input_Pesquisa}</arg>
<arg>${Texto}</arg>
<doc>Types the given ``text`` into the text field identified by ``locator``.</doc>
<msg timestamp="20230603 22:41:32.899" level="INFO">Typing text 'Michael Jackson' into text field '//input[@id="search"]'.</msg>
<status status="PASS" starttime="20230603 22:41:32.897" endtime="20230603 22:41:38.460"/>
</kw>
<status status="PASS" starttime="20230603 22:41:32.896" endtime="20230603 22:41:38.460"/>
</kw>
<kw name="E clico em buscar">
<kw name="Click Button" library="SeleniumLibrary">
<arg>${Button_Pesquisa}</arg>
<doc>Clicks the button identified by ``locator``.</doc>
<msg timestamp="20230603 22:41:38.477" level="INFO">Clicking button '//button[@id="search-icon-legacy"]'.</msg>
<status status="PASS" starttime="20230603 22:41:38.476" endtime="20230603 22:41:40.330"/>
</kw>
<kw name="Sleep" library="BuiltIn">
<arg>3</arg>
<doc>Pauses the test executed for the given time.</doc>
<msg timestamp="20230603 22:41:43.340" level="INFO">Slept 3 seconds</msg>
<status status="PASS" starttime="20230603 22:41:40.330" endtime="20230603 22:41:43.340"/>
</kw>
<kw name="Close Browser" library="SeleniumLibrary">
<doc>Closes the current browser.</doc>
<status status="PASS" starttime="20230603 22:41:43.341" endtime="20230603 22:41:48.373"/>
</kw>
<status status="PASS" starttime="20230603 22:41:38.475" endtime="20230603 22:41:48.373"/>
</kw>
<status status="PASS" starttime="20230603 22:41:12.633" endtime="20230603 22:41:48.375"/>
</test>
<status status="PASS" starttime="20230603 22:41:11.967" endtime="20230603 22:41:48.378"/>
</suite>
<statistics>
<total>
<stat pass="1" fail="0" skip="0">All Tests</stat>
</total>
<tag>
</tag>
<suite>
<stat pass="1" fail="0" skip="0" id="s1" name="Youtub">Youtub</stat>
</suite>
</statistics>
<errors>
</errors>
</robot>
